<?xml version="1.0" encoding="UTF-8"?>
<!-- Generated by org.testng.reporters.JUnitReportReporter -->
<testsuite hostname="Eqanim-Victus-1" failures="0" tests="1" name="tests.Testclass1" time="27.106" errors="0" timestamp="2024-08-28T12:36:46 IST" skipped="0">
  <testcase classname="tests.Testclass1" name="start" time="27.106"/>
  <system-out>
Chrome launched  </system-out>
</testsuite> <!-- tests.Testclass1 -->
