<?xml version="1.0" encoding="UTF-8"?>
<!-- Generated by org.testng.reporters.JUnitReportReporter -->
<testsuite hostname="Eqanim-Victus-1" failures="0" tests="1" name="tests.Testclass1" time="7.087" errors="0" timestamp="2024-08-26T18:19:53 IST" skipped="0">
  <testcase classname="tests.Testclass1" name="start" time="7.087"/>
  <system-out>
Chrome launched  </system-out>
</testsuite> <!-- tests.Testclass1 -->
